2025-04-11 10:24:53,557 INFO [main] o.a.n.b.NotificationServiceManager Successfully loaded the following 0 services: []
2025-04-11 10:24:53,578 INFO [main] org.apache.nifi.bootstrap.RunNiFi Registered no Notification Services for Notification Type NIFI_STARTED
2025-04-11 10:24:53,579 INFO [main] org.apache.nifi.bootstrap.RunNiFi Registered no Notification Services for Notification Type NIFI_STOPPED
2025-04-11 10:24:53,579 INFO [main] org.apache.nifi.bootstrap.RunNiFi Registered no Notification Services for Notification Type NIFI_DIED
2025-04-11 10:24:53,585 INFO [main] org.apache.nifi.bootstrap.RunNiFi Runtime Java version: 1.8.0_322
2025-04-11 10:24:53,614 INFO [main] org.apache.nifi.bootstrap.Command Generating Self-Signed Certificate: Expires on 2025-06-10
2025-04-11 10:24:54,887 INFO [main] org.apache.nifi.bootstrap.Command Generated Self-Signed Certificate SHA-256: 9CA85FA71990175EFC3A08475CF64EA182C782CB531DF882D811CAEB51A466F3
2025-04-11 10:24:54,894 INFO [main] org.apache.nifi.bootstrap.Command Starting Apache NiFi...
2025-04-11 10:24:54,894 INFO [main] org.apache.nifi.bootstrap.Command Working Directory: /opt/nifi/nifi-current
2025-04-11 10:24:54,894 INFO [main] org.apache.nifi.bootstrap.Command Command: /usr/local/openjdk-8/bin/java -classpath /opt/nifi/nifi-current/./conf:/opt/nifi/nifi-current/./lib/jcl-over-slf4j-1.7.32.jar:/opt/nifi/nifi-current/./lib/logback-core-1.2.10.jar:/opt/nifi/nifi-current/./lib/nifi-server-api-1.15.3.jar:/opt/nifi/nifi-current/./lib/nifi-properties-1.15.3.jar:/opt/nifi/nifi-current/./lib/jetty-schemas-3.1.jar:/opt/nifi/nifi-current/./lib/nifi-stateless-api-1.15.3.jar:/opt/nifi/nifi-current/./lib/javax.servlet-api-3.1.0.jar:/opt/nifi/nifi-current/./lib/nifi-runtime-1.15.3.jar:/opt/nifi/nifi-current/./lib/nifi-stateless-bootstrap-1.15.3.jar:/opt/nifi/nifi-current/./lib/nifi-api-1.15.3.jar:/opt/nifi/nifi-current/./lib/slf4j-api-1.7.32.jar:/opt/nifi/nifi-current/./lib/nifi-nar-utils-1.15.3.jar:/opt/nifi/nifi-current/./lib/logback-classic-1.2.10.jar:/opt/nifi/nifi-current/./lib/nifi-framework-api-1.15.3.jar:/opt/nifi/nifi-current/./lib/jul-to-slf4j-1.7.32.jar:/opt/nifi/nifi-current/./lib/nifi-property-utils-1.15.3.jar:/opt/nifi/nifi-current/./lib/log4j-over-slf4j-1.7.32.jar -Dorg.apache.jasper.compiler.disablejsr199=true -Xmx512m -Xms512m -Dcurator-log-only-first-connection-issue-as-error-level=true -Djavax.security.auth.useSubjectCredsOnly=true -Djava.security.egd=file:/dev/urandom -Dzookeeper.admin.enableServer=false -Dsun.net.http.allowRestrictedHeaders=true -Djava.net.preferIPv4Stack=true -Djava.awt.headless=true -Djava.protocol.handler.pkgs=sun.net.www.protocol -Dnifi.properties.file.path=/opt/nifi/nifi-current/./conf/nifi.properties -Dnifi.bootstrap.listen.port=38061 -Dapp=NiFi -Dorg.apache.nifi.bootstrap.config.log.dir=/opt/nifi/nifi-current/logs org.apache.nifi.NiFi 
2025-04-11 10:24:54,919 INFO [main] org.apache.nifi.bootstrap.Command Launched Apache NiFi with Process ID 107
2025-04-11 10:24:55,372 INFO [NiFi Bootstrap Command Listener] org.apache.nifi.bootstrap.RunNiFi Apache NiFi now running and listening for Bootstrap requests on port 44651
2025-04-11 12:20:42,760 INFO [main] o.a.n.b.NotificationServiceManager Successfully loaded the following 0 services: []
2025-04-11 12:20:42,772 INFO [main] org.apache.nifi.bootstrap.RunNiFi Registered no Notification Services for Notification Type NIFI_STARTED
2025-04-11 12:20:42,772 INFO [main] org.apache.nifi.bootstrap.RunNiFi Registered no Notification Services for Notification Type NIFI_STOPPED
2025-04-11 12:20:42,773 INFO [main] org.apache.nifi.bootstrap.RunNiFi Registered no Notification Services for Notification Type NIFI_DIED
2025-04-11 12:20:42,787 INFO [main] org.apache.nifi.bootstrap.RunNiFi Runtime Java version: 1.8.0_322
2025-04-11 12:20:42,814 INFO [main] org.apache.nifi.bootstrap.Command Starting Apache NiFi...
2025-04-11 12:20:42,814 INFO [main] org.apache.nifi.bootstrap.Command Working Directory: /opt/nifi/nifi-current
2025-04-11 12:20:42,815 INFO [main] org.apache.nifi.bootstrap.Command Command: /usr/local/openjdk-8/bin/java -classpath /opt/nifi/nifi-current/./conf:/opt/nifi/nifi-current/./lib/jcl-over-slf4j-1.7.32.jar:/opt/nifi/nifi-current/./lib/logback-core-1.2.10.jar:/opt/nifi/nifi-current/./lib/nifi-server-api-1.15.3.jar:/opt/nifi/nifi-current/./lib/nifi-properties-1.15.3.jar:/opt/nifi/nifi-current/./lib/jetty-schemas-3.1.jar:/opt/nifi/nifi-current/./lib/nifi-stateless-api-1.15.3.jar:/opt/nifi/nifi-current/./lib/javax.servlet-api-3.1.0.jar:/opt/nifi/nifi-current/./lib/nifi-runtime-1.15.3.jar:/opt/nifi/nifi-current/./lib/nifi-stateless-bootstrap-1.15.3.jar:/opt/nifi/nifi-current/./lib/nifi-api-1.15.3.jar:/opt/nifi/nifi-current/./lib/slf4j-api-1.7.32.jar:/opt/nifi/nifi-current/./lib/nifi-nar-utils-1.15.3.jar:/opt/nifi/nifi-current/./lib/logback-classic-1.2.10.jar:/opt/nifi/nifi-current/./lib/nifi-framework-api-1.15.3.jar:/opt/nifi/nifi-current/./lib/jul-to-slf4j-1.7.32.jar:/opt/nifi/nifi-current/./lib/nifi-property-utils-1.15.3.jar:/opt/nifi/nifi-current/./lib/log4j-over-slf4j-1.7.32.jar -Dorg.apache.jasper.compiler.disablejsr199=true -Xmx512m -Xms512m -Dcurator-log-only-first-connection-issue-as-error-level=true -Djavax.security.auth.useSubjectCredsOnly=true -Djava.security.egd=file:/dev/urandom -Dzookeeper.admin.enableServer=false -Dsun.net.http.allowRestrictedHeaders=true -Djava.net.preferIPv4Stack=true -Djava.awt.headless=true -Djava.protocol.handler.pkgs=sun.net.www.protocol -Dnifi.properties.file.path=/opt/nifi/nifi-current/./conf/nifi.properties -Dnifi.bootstrap.listen.port=35849 -Dapp=NiFi -Dorg.apache.nifi.bootstrap.config.log.dir=/opt/nifi/nifi-current/logs org.apache.nifi.NiFi 
2025-04-11 12:20:42,841 INFO [main] org.apache.nifi.bootstrap.Command Launched Apache NiFi with Process ID 107
2025-04-11 12:20:43,678 INFO [NiFi Bootstrap Command Listener] org.apache.nifi.bootstrap.RunNiFi Apache NiFi now running and listening for Bootstrap requests on port 37931
